[2026-02-20 01:00:07] 🚀 Autosave daemon started
[nightly-2026-02-01-client-support-os d29e679] Autosave: 2026-02-20 03:18:23 - Workspace sync
 1 file changed, 1 insertion(+)
[2026-02-20 03:18:23] ✅ Autosave successful
[nightly-2026-02-01-client-support-os dba6f5e] Autosave: 2026-02-20 03:20:23 - Workspace sync
 1 file changed, 3 insertions(+)
[2026-02-20 03:20:23] ✅ Autosave successful
[nightly-2026-02-01-client-support-os d0599d9] Autosave: 2026-02-20 03:22:23 - Workspace sync
 1 file changed, 3 insertions(+)
[2026-02-20 03:22:23] ✅ Autosave successful
[nightly-2026-02-01-client-support-os 654957d] Autosave: 2026-02-20 03:24:24 - Workspace sync
 1 file changed, 3 insertions(+)
[2026-02-20 03:24:24] ✅ Autosave successful
[nightly-2026-02-01-client-support-os 1e25ad6] Autosave: 2026-02-20 03:26:24 - Workspace sync
 1 file changed, 3 insertions(+)
[2026-02-20 03:26:24] ✅ Autosave successful
[nightly-2026-02-01-client-support-os 18ef914] Autosave: 2026-02-20 03:28:25 - Workspace sync
 1 file changed, 3 insertions(+)
[2026-02-20 03:28:25] ✅ Autosave successful
[nightly-2026-02-01-client-support-os 84671c9] Autosave: 2026-02-20 03:30:25 - Workspace sync
 1 file changed, 3 insertions(+)
[2026-02-20 03:30:25] ✅ Autosave successful
[nightly-2026-02-01-client-support-os 7875052] Autosave: 2026-02-20 03:32:26 - Workspace sync
 1 file changed, 3 insertions(+)
[2026-02-20 03:32:26] ✅ Autosave successful
[nightly-2026-02-01-client-support-os 11a28f6] Autosave: 2026-02-20 03:34:26 - Workspace sync
 1 file changed, 3 insertions(+)
[2026-02-20 03:34:26] ✅ Autosave successful
[nightly-2026-02-01-client-support-os 12122ef] Autosave: 2026-02-20 03:36:26 - Workspace sync
 1 file changed, 3 insertions(+)
[2026-02-20 03:36:26] ✅ Autosave successful
