========================================
Daily Automation Started: Thu Feb 26 08:00:00 PST 2026
========================================
📋 Loaded 103 existing phone numbers

======================================================================
🚀 WEBSITE SALES SYSTEM - DAILY AUTOMATION
📅 Thursday, February 26, 2026 at 08:00 AM
======================================================================

[2026-02-26T16:00:01.818Z] 📍 STEP 1: Generating 100 new prospects...
[2026-02-26T16:00:01.840Z] 
❌ ERROR: this.scraper.runBatch is not a function
TypeError: this.scraper.runBatch is not a function
    at DailyAutomation.run (/Users/rubenruiz/.openclaw/workspace/website-sales-system/scripts/daily-automation.js:61:44)
    at Object.<anonymous> (/Users/rubenruiz/.openclaw/workspace/website-sales-system/scripts/daily-automation.js:180:16)
    at Module._compile (node:internal/modules/cjs/loader:1803:14)
    at Object..js (node:internal/modules/cjs/loader:1934:10)
    at Module.load (node:internal/modules/cjs/loader:1524:32)
    at Module._load (node:internal/modules/cjs/loader:1326:12)
    at TracingChannel.traceSync (node:diagnostics_channel:328:14)
    at wrapModuleLoad (node:internal/modules/cjs/loader:245:24)
    at Module.executeUserEntryPoint [as runMain] (node:internal/modules/run_main:154:5)
    at node:internal/main/run_main_module:33:47
✅ Daily automation completed successfully
📧 Notification sent
Finished: Thu Feb 26 08:00:01 PST 2026

